TXID-200001 2026-05-22T12:00:01Z [INFO] [AuthModule] User authorization successful.
TXID-200002 2026-05-22T12:00:15Z [DEBUG] [CacheManager] Checking cache hit for user data.
TXID-200003 2026-05-22T12:01:30Z [WARNING] [DatabasePool] Connection timed out. Re-establishing connection.
TXID-200004 2026-05-22T12:02:05Z [INFO] [PaymentAPI] Transaction handshake completed.
TXID-200005 2026-05-22T12:03:11Z [ERROR] [NetworkKernel] Null pointer memory reference exception.
TXID-200006 2026-05-22T12:04:22Z [INFO] [CacheManager] Eviction policy triggered due to high usage.
TXID-200007 2026-05-22T12:05:00Z [DEBUG] [AuthModule] Session token refreshed for user.
TXID-200008 2026-05-22T12:06:18Z [CRITICAL] [DatabasePool] Main database storage is full! Partition failure.
TXID-200009 2026-05-22T12:07:45Z [WARNING] [PaymentAPI] Delayed response from external gateway server.
TXID-200010 2026-05-22T12:08:59Z [INFO] [NetworkKernel] Network interface eth0 up and running.
TXID-200011 2026-05-22T12:09:12Z [ERROR] [AuthModule] Failed login attempt from IP 192.168.1.50.
TXID-200012 2026-05-22T12:10:04Z [DEBUG] [DatabasePool] Executing raw query: SELECT * FROM users.
TXID-200013 2026-05-22T12:11:55Z [INFO] [PaymentAPI] Invoice generated for contract #4412.
TXID-200014 2026-05-22T12:12:30Z [CRITICAL] [NetworkKernel] Kernel panic: Unable to mount root FS on unknown-block.
TXID-200015 2026-05-22T12:14:01Z [WARNING] [CacheManager] Memory allocation near 85% threshold.
TXID-200016 2026-05-22T12:15:10Z [INFO] [AuthModule] User logout request received.
TXID-200017 2026-05-22T12:16:44Z [ERROR] [DatabasePool] Deadlock detected during concurrent update.
TXID-200018 2026-05-22T12:17:19Z [DEBUG] [NetworkKernel] Packet routing table recalculated successfully.
TXID-200019 2026-05-22T12:18:02Z [INFO] [CacheManager] Garbace collector completed cycle in 14ms.
TXID-200020 2026-05-22T12:19:55Z [WARNING] [PaymentAPI] SSL Handshake warning: Certificate expires in 5 days.